<?xml version="1.0" encoding="UTF-8" ?>
<testsuite tests="8" failures="0" name="implementations.QueueTest" time="0.015" errors="0" skipped="0">
  <properties>
[...]
</properties>
  <testcase classname="implementations.QueueTest" name="testPeekShouldThrowWhenEmpty" time="0.013"/>
  <testcase classname="implementations.QueueTest" name="testSize" time="0"/>
  <testcase classname="implementations.QueueTest" name="testOfferShouldAddAtTheEnd" time="0"/>
  <testcase classname="implementations.QueueTest" name="testPopShouldThrowWhenEmpty" time="0"/>
  <testcase classname="implementations.QueueTest" name="testPeekShouldReturnAndNotRemove" time="0.001"/>
  <testcase classname="implementations.QueueTest" name="testIteratorShouldTraversItemsFromBeginToEnd" time="0.001"/>
  <testcase classname="implementations.QueueTest" name="testPopShouldRemoveAndReturnTopElement" time="0"/>
  <testcase classname="implementations.QueueTest" name="testIsEmpty" time="0"/>
</testsuite>